<?xml version="1.0" encoding="UTF-8"?>
<!-- Generated by org.testng.reporters.JUnitXMLReporter -->
<testsuite ignored="0" hostname="DESKTOP-6EM83U9" failures="0" tests="4" name="Default test" time="11.77" errors="0" timestamp="2024-12-16T21:07:59 IST">
  <testcase classname="api.test.userTests" name="testPostUser" time="4.256"/>
  <testcase classname="api.test.userTests" name="testGetUserByName" time="1.671"/>
  <testcase classname="api.test.userTests" name="testUpdateUserByName" time="3.194"/>
  <testcase classname="api.test.userTests" name="testDeleteUserByName" time="1.594"/>
</testsuite> <!-- Default test -->
