<?xml version="1.0" encoding="UTF-8"?>
<testng-results ignored="0" total="4" passed="4" failed="0" skipped="0">
  <reporter-output>
  </reporter-output>
  <suite started-at="2024-12-18T18:15:11 IST" name="PetSuite" finished-at="2024-12-18T18:15:27 IST" duration-ms="15812">
    <groups>
    </groups>
    <test started-at="2024-12-18T18:15:11 IST" name="PetTests" finished-at="2024-12-18T18:15:27 IST" duration-ms="15812">
      <class name="api.test.userTests2">
        <test-method is-config="true" signature="setupData()[pri:0, instance:api.test.userTests2@4562e04d]" started-at="2024-12-18T18:15:11 IST" name="setupData" finished-at="2024-12-18T18:15:12 IST" duration-ms="695" status="PASS">
          <reporter-output>
          </reporter-output>
        </test-method> <!-- setupData -->
        <test-method signature="testPostUser()[pri:1, instance:api.test.userTests2@4562e04d]" started-at="2024-12-18T18:15:12 IST" name="testPostUser" finished-at="2024-12-18T18:15:16 IST" duration-ms="4543" status="PASS">
          <reporter-output>
          </reporter-output>
        </test-method> <!-- testPostUser -->
        <test-method signature="testGetUserByName()[pri:2, instance:api.test.userTests2@4562e04d]" started-at="2024-12-18T18:15:16 IST" name="testGetUserByName" finished-at="2024-12-18T18:15:20 IST" duration-ms="3797" status="PASS">
          <reporter-output>
          </reporter-output>
        </test-method> <!-- testGetUserByName -->
        <test-method signature="testUpdateUserByName()[pri:3, instance:api.test.userTests2@4562e04d]" started-at="2024-12-18T18:15:20 IST" name="testUpdateUserByName" finished-at="2024-12-18T18:15:24 IST" duration-ms="3597" status="PASS">
          <reporter-output>
          </reporter-output>
        </test-method> <!-- testUpdateUserByName -->
        <test-method signature="testDeleteUserByName()[pri:4, instance:api.test.userTests2@4562e04d]" started-at="2024-12-18T18:15:24 IST" name="testDeleteUserByName" finished-at="2024-12-18T18:15:27 IST" duration-ms="2875" status="PASS">
          <reporter-output>
          </reporter-output>
        </test-method> <!-- testDeleteUserByName -->
      </class> <!-- api.test.userTests2 -->
    </test> <!-- PetTests -->
  </suite> <!-- PetSuite -->
</testng-results>
