<?xml version="1.0" encoding="UTF-8"?>
<testng-results ignored="0" total="4" passed="4" failed="0" skipped="0">
  <reporter-output>
  </reporter-output>
  <suite started-at="2024-12-18T12:45:13 IST" name="PetSuite" finished-at="2024-12-18T12:45:24 IST" duration-ms="10873">
    <groups>
    </groups>
    <test started-at="2024-12-18T12:45:13 IST" name="PetTests" finished-at="2024-12-18T12:45:24 IST" duration-ms="10873">
      <class name="api.test.userTests2">
        <test-method is-config="true" signature="setupData()[pri:0, instance:api.test.userTests2@55b0dcab]" started-at="2024-12-18T12:45:14 IST" name="setupData" finished-at="2024-12-18T12:45:14 IST" duration-ms="601" status="PASS">
          <reporter-output>
          </reporter-output>
        </test-method> <!-- setupData -->
        <test-method signature="testPostUser()[pri:1, instance:api.test.userTests2@55b0dcab]" started-at="2024-12-18T12:45:14 IST" name="testPostUser" finished-at="2024-12-18T12:45:18 IST" duration-ms="3486" status="PASS">
          <reporter-output>
          </reporter-output>
        </test-method> <!-- testPostUser -->
        <test-method signature="testGetUserByName()[pri:2, instance:api.test.userTests2@55b0dcab]" started-at="2024-12-18T12:45:18 IST" name="testGetUserByName" finished-at="2024-12-18T12:45:19 IST" duration-ms="1471" status="PASS">
          <reporter-output>
          </reporter-output>
        </test-method> <!-- testGetUserByName -->
        <test-method signature="testUpdateUserByName()[pri:3, instance:api.test.userTests2@55b0dcab]" started-at="2024-12-18T12:45:19 IST" name="testUpdateUserByName" finished-at="2024-12-18T12:45:22 IST" duration-ms="3237" status="PASS">
          <reporter-output>
          </reporter-output>
        </test-method> <!-- testUpdateUserByName -->
        <test-method signature="testDeleteUserByName()[pri:4, instance:api.test.userTests2@55b0dcab]" started-at="2024-12-18T12:45:22 IST" name="testDeleteUserByName" finished-at="2024-12-18T12:45:24 IST" duration-ms="1767" status="PASS">
          <reporter-output>
          </reporter-output>
        </test-method> <!-- testDeleteUserByName -->
      </class> <!-- api.test.userTests2 -->
    </test> <!-- PetTests -->
  </suite> <!-- PetSuite -->
</testng-results>
