<?xml version="1.0" encoding="UTF-8"?>
<!-- Generated by org.testng.reporters.JUnitXMLReporter -->
<testsuite ignored="0" hostname="DESKTOP-6EM83U9" failures="0" tests="4" name="PetTests" time="15.812" errors="0" timestamp="2024-12-18T18:15:27 IST">
  <testcase classname="api.test.userTests2" name="testPostUser" time="4.543"/>
  <testcase classname="api.test.userTests2" name="testGetUserByName" time="3.797"/>
  <testcase classname="api.test.userTests2" name="testUpdateUserByName" time="3.597"/>
  <testcase classname="api.test.userTests2" name="testDeleteUserByName" time="2.875"/>
</testsuite> <!-- PetTests -->
